TN:
SF:/home/bhavani/Desktop/fe_lane_application/src/polyfills.ts
FNF:0
FNH:0
LF:0
LH:0
BRF:0
BRH:0
end_of_record
TN:
SF:/home/bhavani/Desktop/fe_lane_application/src/test.ts
FNF:0
FNH:0
DA:13,1
DA:18,1
DA:20,1
LF:3
LH:3
BRF:0
BRH:0
end_of_record
TN:
SF:/home/bhavani/Desktop/fe_lane_application/src/app/app.component.ts
FN:29,AppComponent
FN:42,(anonymous_2)
FN:58,(anonymous_3)
FN:60,(anonymous_4)
FN:65,(anonymous_5)
FN:69,(anonymous_6)
FN:74,(anonymous_7)
FN:87,(anonymous_8)
FN:100,(anonymous_9)
FN:102,(anonymous_10)
FN:116,(anonymous_11)
FN:128,(anonymous_12)
FNF:12
FNH:0
FNDA:0,AppComponent
FNDA:0,(anonymous_2)
FNDA:0,(anonymous_3)
FNDA:0,(anonymous_4)
FNDA:0,(anonymous_5)
FNDA:0,(anonymous_6)
FNDA:0,(anonymous_7)
FNDA:0,(anonymous_8)
FNDA:0,(anonymous_9)
FNDA:0,(anonymous_10)
FNDA:0,(anonymous_11)
FNDA:0,(anonymous_12)
DA:21,1
DA:25,0
DA:26,0
DA:27,0
DA:28,0
DA:29,0
DA:30,0
DA:31,0
DA:32,0
DA:33,0
DA:34,0
DA:35,0
DA:36,0
DA:37,0
DA:38,0
DA:40,0
DA:42,0
DA:43,0
DA:45,0
DA:47,0
DA:58,1
DA:59,0
DA:60,0
DA:61,0
DA:64,0
DA:67,0
DA:70,0
DA:73,0
DA:76,0
DA:78,0
DA:79,0
DA:84,0
DA:85,0
DA:90,0
DA:92,0
DA:94,0
DA:100,1
DA:102,0
DA:105,0
DA:106,0
DA:107,0
DA:108,0
DA:109,0
DA:117,0
DA:118,0
DA:119,0
DA:120,0
DA:121,0
DA:128,1
DA:130,0
DA:133,0
DA:136,0
DA:139,1
LF:53
LH:5
BRDA:75,0,0,0
BRDA:75,0,1,0
BRF:2
BRH:0
end_of_record
TN:
SF:/home/bhavani/Desktop/fe_lane_application/src/app/core/services/app.service.ts
FN:3,AppService
FN:9,(anonymous_2)
FN:13,(anonymous_3)
FNF:3
FNH:1
FNDA:10,AppService
FNDA:0,(anonymous_2)
FNDA:0,(anonymous_3)
DA:4,1
DA:5,10
DA:6,10
DA:7,10
DA:9,1
DA:10,0
DA:11,0
DA:13,1
DA:14,0
DA:15,0
DA:17,1
LF:11
LH:7
BRF:0
BRH:0
end_of_record
TN:
SF:/home/bhavani/Desktop/fe_lane_application/src/app/core/services/auth.service.ts
FN:16,AuthService
FN:25,(anonymous_2)
FN:29,(anonymous_3)
FN:33,(anonymous_4)
FN:37,(anonymous_5)
FN:45,(anonymous_6)
FN:48,(anonymous_7)
FN:53,(anonymous_8)
FN:57,(anonymous_9)
FNF:9
FNH:3
FNDA:10,AuthService
FNDA:0,(anonymous_2)
FNDA:10,(anonymous_3)
FNDA:3,(anonymous_4)
FNDA:0,(anonymous_5)
FNDA:0,(anonymous_6)
FNDA:0,(anonymous_7)
FNDA:0,(anonymous_8)
FNDA:0,(anonymous_9)
DA:6,1
DA:7,10
DA:9,10
DA:13,10
DA:14,10
DA:15,10
DA:17,10
DA:18,10
DA:20,10
DA:21,10
DA:25,1
DA:26,0
DA:29,1
DA:30,10
DA:33,1
DA:34,3
DA:37,1
DA:38,0
DA:39,0
DA:40,0
DA:41,0
DA:45,1
DA:46,0
DA:48,1
DA:49,0
DA:53,1
DA:54,0
DA:55,0
DA:57,1
DA:58,0
DA:59,0
DA:60,0
DA:62,1
LF:33
LH:21
BRF:0
BRH:0
end_of_record
TN:
SF:/home/bhavani/Desktop/fe_lane_application/src/app/core/services/logger.service.ts
FN:3,LoggerService
FN:8,(anonymous_2)
FN:12,(anonymous_3)
FNF:3
FNH:2
FNDA:10,LoggerService
FNDA:0,(anonymous_2)
FNDA:2,(anonymous_3)
DA:4,1
DA:6,10
DA:8,1
DA:9,0
DA:12,4
DA:17,1
LF:6
LH:5
BRF:0
BRH:0
end_of_record
TN:
SF:/home/bhavani/Desktop/fe_lane_application/src/app/core/services/rest.service.ts
FN:11,RestService
FN:27,(anonymous_2)
FN:32,(anonymous_3)
FN:33,(anonymous_4)
FN:36,(anonymous_5)
FN:41,(anonymous_6)
FN:42,(anonymous_7)
FN:46,(anonymous_8)
FN:51,(anonymous_9)
FN:52,(anonymous_10)
FN:56,(anonymous_11)
FN:61,(anonymous_12)
FN:62,(anonymous_13)
FN:66,(anonymous_14)
FN:74,(anonymous_15)
FN:85,(anonymous_16)
FNF:16
FNH:1
FNDA:10,RestService
FNDA:0,(anonymous_2)
FNDA:0,(anonymous_3)
FNDA:0,(anonymous_4)
FNDA:0,(anonymous_5)
FNDA:0,(anonymous_6)
FNDA:0,(anonymous_7)
FNDA:0,(anonymous_8)
FNDA:0,(anonymous_9)
FNDA:0,(anonymous_10)
FNDA:0,(anonymous_11)
FNDA:0,(anonymous_12)
FNDA:0,(anonymous_13)
FNDA:0,(anonymous_14)
FNDA:0,(anonymous_15)
FNDA:0,(anonymous_16)
DA:10,1
DA:12,10
DA:13,10
DA:14,10
DA:16,10
DA:18,10
DA:27,1
DA:28,0
DA:29,0
DA:30,0
DA:32,0
DA:33,0
DA:36,1
DA:37,0
DA:38,0
DA:39,0
DA:41,0
DA:42,0
DA:46,1
DA:47,0
DA:48,0
DA:49,0
DA:51,0
DA:52,0
DA:56,1
DA:57,0
DA:58,0
DA:59,0
DA:61,0
DA:62,0
DA:66,1
DA:67,0
DA:69,0
DA:71,0
DA:74,1
DA:76,0
DA:77,0
DA:81,0
DA:83,0
DA:85,1
DA:86,0
DA:87,0
DA:89,1
LF:43
LH:14
BRDA:36,0,0,0
BRDA:36,0,1,0
BRDA:37,1,0,0
BRDA:37,1,1,0
BRDA:46,2,0,0
BRDA:46,2,1,0
BRDA:47,3,0,0
BRDA:47,3,1,0
BRDA:56,4,0,0
BRDA:56,4,1,0
BRDA:57,5,0,0
BRDA:57,5,1,0
BRF:12
BRH:0
end_of_record
TN:
SF:/home/bhavani/Desktop/fe_lane_application/src/app/core/services/session.service.ts
FN:10,SessionService
FN:16,(anonymous_2)
FN:24,(anonymous_3)
FN:28,(anonymous_4)
FNF:4
FNH:0
FNDA:0,SessionService
FNDA:0,(anonymous_2)
FNDA:0,(anonymous_3)
FNDA:0,(anonymous_4)
DA:9,1
DA:11,0
DA:12,0
DA:13,0
DA:16,1
DA:17,0
DA:18,0
DA:19,0
DA:24,1
DA:25,0
DA:28,1
DA:29,0
DA:35,1
LF:13
LH:5
BRF:0
BRH:0
end_of_record
TN:
SF:/home/bhavani/Desktop/fe_lane_application/src/app/core/services/socket.service.ts
FN:17,(anonymous_0)
FN:36,SocketService
FN:43,(anonymous_4)
FN:56,(anonymous_5)
FN:67,(anonymous_6)
FN:71,(anonymous_7)
FN:84,(anonymous_8)
FN:135,(anonymous_9)
FN:140,(anonymous_10)
FN:161,(anonymous_11)
FN:166,(anonymous_12)
FN:186,(anonymous_13)
FN:190,(anonymous_14)
FN:194,(anonymous_15)
FNF:14
FNH:10
FNDA:1,(anonymous_0)
FNDA:10,SocketService
FNDA:1,(anonymous_4)
FNDA:0,(anonymous_5)
FNDA:1,(anonymous_6)
FNDA:2,(anonymous_7)
FNDA:3,(anonymous_8)
FNDA:2,(anonymous_9)
FNDA:0,(anonymous_10)
FNDA:1,(anonymous_11)
FNDA:0,(anonymous_12)
FNDA:1,(anonymous_13)
FNDA:1,(anonymous_14)
FNDA:0,(anonymous_15)
DA:17,1
DA:20,1
DA:23,1
DA:24,10
DA:25,10
DA:26,10
DA:31,10
DA:32,10
DA:33,10
DA:34,10
DA:37,10
DA:38,10
DA:39,10
DA:40,10
DA:43,1
DA:44,1
DA:45,1
DA:53,1
DA:57,0
DA:58,0
DA:60,0
DA:64,0
DA:67,1
DA:68,1
DA:71,1
DA:72,2
DA:73,2
DA:75,2
DA:76,0
DA:77,0
DA:78,0
DA:84,1
DA:85,3
DA:86,3
DA:87,3
DA:88,3
DA:89,3
DA:135,2
DA:136,2
DA:137,2
DA:138,2
DA:141,0
DA:143,0
DA:145,0
DA:150,0
DA:152,0
DA:161,1
DA:162,1
DA:163,1
DA:164,1
DA:169,0
DA:175,0
DA:186,1
DA:187,1
DA:190,1
DA:191,1
DA:194,1
DA:195,0
DA:196,0
DA:197,0
DA:199,1
LF:61
LH:44
BRF:0
BRH:0
end_of_record
TN:
SF:/home/bhavani/Desktop/fe_lane_application/src/app/core/services/toll-screen.service.ts
FN:24,TollScreenService
FN:34,(anonymous_2)
FN:44,(anonymous_3)
FN:48,(anonymous_4)
FN:56,(anonymous_5)
FN:62,(anonymous_6)
FN:66,(anonymous_7)
FN:71,(anonymous_8)
FN:76,(anonymous_9)
FN:121,(anonymous_10)
FN:126,(anonymous_11)
FN:142,(anonymous_12)
FN:147,(anonymous_13)
FN:151,(anonymous_14)
FN:155,(anonymous_15)
FN:158,(anonymous_16)
FN:162,(anonymous_17)
FN:166,(anonymous_18)
FN:170,(anonymous_19)
FN:174,(anonymous_20)
FN:177,(anonymous_21)
FN:181,(anonymous_22)
FN:185,(anonymous_23)
FN:188,(anonymous_24)
FN:191,(anonymous_25)
FN:194,(anonymous_26)
FN:199,(anonymous_27)
FN:203,(anonymous_28)
FN:215,(anonymous_29)
FN:219,(anonymous_30)
FN:223,(anonymous_31)
FNF:31
FNH:0
FNDA:0,TollScreenService
FNDA:0,(anonymous_2)
FNDA:0,(anonymous_3)
FNDA:0,(anonymous_4)
FNDA:0,(anonymous_5)
FNDA:0,(anonymous_6)
FNDA:0,(anonymous_7)
FNDA:0,(anonymous_8)
FNDA:0,(anonymous_9)
FNDA:0,(anonymous_10)
FNDA:0,(anonymous_11)
FNDA:0,(anonymous_12)
FNDA:0,(anonymous_13)
FNDA:0,(anonymous_14)
FNDA:0,(anonymous_15)
FNDA:0,(anonymous_16)
FNDA:0,(anonymous_17)
FNDA:0,(anonymous_18)
FNDA:0,(anonymous_19)
FNDA:0,(anonymous_20)
FNDA:0,(anonymous_21)
FNDA:0,(anonymous_22)
FNDA:0,(anonymous_23)
FNDA:0,(anonymous_24)
FNDA:0,(anonymous_25)
FNDA:0,(anonymous_26)
FNDA:0,(anonymous_27)
FNDA:0,(anonymous_28)
FNDA:0,(anonymous_29)
FNDA:0,(anonymous_30)
FNDA:0,(anonymous_31)
DA:15,1
DA:17,0
DA:22,0
DA:23,0
DA:25,0
DA:26,0
DA:27,0
DA:28,0
DA:30,0
DA:31,0
DA:34,1
DA:35,0
DA:44,1
DA:45,0
DA:48,1
DA:50,0
DA:52,0
DA:54,0
DA:56,1
DA:57,0
DA:62,1
DA:63,0
DA:64,0
DA:66,1
DA:67,0
DA:68,0
DA:71,1
DA:72,0
DA:73,0
DA:76,1
DA:77,0
DA:78,0
DA:81,0
DA:84,0
DA:86,0
DA:93,0
DA:94,0
DA:95,0
DA:96,0
DA:97,0
DA:98,0
DA:99,0
DA:100,0
DA:101,0
DA:102,0
DA:108,0
DA:110,0
DA:112,0
DA:117,0
DA:118,0
DA:121,1
DA:123,0
DA:126,1
DA:127,0
DA:131,0
DA:137,0
DA:142,1
DA:143,0
DA:144,0
DA:147,1
DA:148,0
DA:151,1
DA:153,0
DA:155,1
DA:156,0
DA:158,1
DA:159,0
DA:162,1
DA:163,0
DA:166,1
DA:167,0
DA:170,1
DA:171,0
DA:174,1
DA:175,0
DA:177,1
DA:178,0
DA:181,1
DA:182,0
DA:185,1
DA:186,0
DA:188,1
DA:189,0
DA:191,1
DA:192,0
DA:194,1
DA:195,0
DA:199,1
DA:200,0
DA:203,1
DA:205,0
DA:207,0
DA:215,1
DA:216,0
DA:219,1
DA:220,0
DA:223,1
DA:224,0
DA:226,1
LF:99
LH:32
BRF:0
BRH:0
end_of_record
TN:
SF:/home/bhavani/Desktop/fe_lane_application/src/app/login/login.component.ts
FN:24,LoginComponent
FN:40,(anonymous_2)
FN:45,(anonymous_3)
FN:46,(anonymous_4)
FN:55,(anonymous_5)
FN:56,(anonymous_6)
FN:65,(anonymous_7)
FN:75,(anonymous_8)
FN:82,(anonymous_9)
FN:86,(anonymous_10)
FN:102,(anonymous_11)
FNF:11
FNH:0
FNDA:0,LoginComponent
FNDA:0,(anonymous_2)
FNDA:0,(anonymous_3)
FNDA:0,(anonymous_4)
FNDA:0,(anonymous_5)
FNDA:0,(anonymous_6)
FNDA:0,(anonymous_7)
FNDA:0,(anonymous_8)
FNDA:0,(anonymous_9)
FNDA:0,(anonymous_10)
FNDA:0,(anonymous_11)
DA:16,1
DA:19,0
DA:23,0
DA:24,0
DA:25,0
DA:26,0
DA:27,0
DA:28,0
DA:29,0
DA:30,0
DA:31,0
DA:40,1
DA:41,0
DA:42,0
DA:45,1
DA:46,0
DA:49,0
DA:50,0
DA:55,1
DA:56,0
DA:58,0
DA:59,0
DA:60,0
DA:61,0
DA:65,1
DA:66,0
DA:67,0
DA:68,0
DA:70,0
DA:72,0
DA:75,1
DA:76,0
DA:82,1
DA:83,0
DA:89,0
DA:90,0
DA:91,0
DA:92,0
DA:93,0
DA:94,0
DA:95,0
DA:96,0
DA:97,0
DA:98,0
DA:99,0
DA:101,0
DA:102,0
DA:103,0
DA:109,1
LF:49
LH:8
BRDA:67,0,0,0
BRDA:67,0,1,0
BRDA:68,1,0,0
BRDA:68,1,1,0
BRDA:69,2,0,0
BRDA:69,2,1,0
BRDA:69,2,2,0
BRDA:69,2,3,0
BRDA:69,2,4,0
BRDA:69,2,5,0
BRDA:69,2,6,0
BRF:11
BRH:0
end_of_record
TN:
SF:/home/bhavani/Desktop/fe_lane_application/src/app/page-not-found/page-not-found.component.ts
FN:10,PageNotFoundComponent
FN:12,(anonymous_2)
FNF:2
FNH:0
FNDA:0,PageNotFoundComponent
FNDA:0,(anonymous_2)
DA:8,1
DA:12,1
DA:15,1
LF:3
LH:3
BRF:0
BRH:0
end_of_record
TN:
SF:/home/bhavani/Desktop/fe_lane_application/src/app/toll-screen/toll-screen.component.ts
FN:33,TollScreenComponent
FN:48,(anonymous_2)
FN:51,(anonymous_3)
FN:54,(anonymous_4)
FN:201,(anonymous_5)
FN:210,(anonymous_6)
FN:241,(anonymous_7)
FN:243,(anonymous_8)
FN:244,(anonymous_9)
FN:246,(anonymous_10)
FN:248,(anonymous_11)
FN:256,(anonymous_12)
FN:257,(anonymous_13)
FN:265,(anonymous_14)
FN:267,(anonymous_15)
FN:275,(anonymous_16)
FN:276,(anonymous_17)
FN:288,(anonymous_18)
FN:289,(anonymous_19)
FN:292,(anonymous_20)
FN:295,(anonymous_21)
FN:298,(anonymous_22)
FN:301,(anonymous_23)
FN:304,(anonymous_24)
FN:311,(anonymous_25)
FN:312,(anonymous_26)
FN:316,(anonymous_27)
FN:328,(anonymous_28)
FN:339,(anonymous_29)
FN:345,(anonymous_30)
FN:359,(anonymous_31)
FN:367,(anonymous_32)
FN:374,(anonymous_33)
FN:378,(anonymous_34)
FN:379,(anonymous_35)
FN:385,(anonymous_36)
FN:386,(anonymous_37)
FN:398,(anonymous_38)
FN:405,(anonymous_39)
FN:406,(anonymous_40)
FN:408,(anonymous_41)
FN:412,(anonymous_42)
FN:429,(anonymous_43)
FN:431,(anonymous_44)
FN:446,(anonymous_45)
FN:451,(anonymous_46)
FN:466,(anonymous_47)
FN:470,(anonymous_48)
FN:471,(anonymous_49)
FN:481,(anonymous_50)
FN:482,(anonymous_51)
FN:486,(anonymous_52)
FN:489,(anonymous_53)
FN:498,(anonymous_54)
FN:499,(anonymous_55)
FN:502,(anonymous_56)
FN:511,(anonymous_57)
FN:512,(anonymous_58)
FN:515,(anonymous_59)
FN:524,(anonymous_60)
FN:538,(anonymous_61)
FN:555,(anonymous_62)
FN:558,(anonymous_63)
FN:563,(anonymous_64)
FN:571,(anonymous_65)
FN:573,(anonymous_66)
FN:583,(anonymous_67)
FN:591,(anonymous_68)
FN:593,(anonymous_69)
FN:600,(anonymous_70)
FN:602,(anonymous_71)
FN:608,(anonymous_72)
FN:613,(anonymous_73)
FN:627,(anonymous_74)
FN:640,(anonymous_75)
FN:644,(anonymous_76)
FN:653,(anonymous_77)
FN:662,(anonymous_78)
FN:670,(anonymous_79)
FN:674,(anonymous_80)
FN:677,(anonymous_81)
FN:687,(anonymous_82)
FN:694,(anonymous_83)
FN:696,(anonymous_84)
FN:724,(anonymous_85)
FN:726,(anonymous_86)
FN:729,(anonymous_87)
FN:737,(anonymous_88)
FN:743,(anonymous_89)
FN:750,(anonymous_90)
FN:752,(anonymous_91)
FN:772,(anonymous_92)
FN:786,(anonymous_93)
FN:792,(anonymous_94)
FN:799,(anonymous_95)
FN:803,(anonymous_96)
FN:816,(anonymous_97)
FN:819,(anonymous_98)
FN:829,(anonymous_99)
FN:830,(anonymous_100)
FN:871,(anonymous_101)
FN:889,(anonymous_102)
FN:896,(anonymous_103)
FN:922,(anonymous_104)
FN:925,(anonymous_105)
FN:929,(anonymous_106)
FN:951,(anonymous_107)
FN:964,(anonymous_108)
FN:979,(anonymous_109)
FN:986,(anonymous_110)
FN:1001,(anonymous_111)
FN:1017,(anonymous_112)
FN:1018,(anonymous_113)
FN:1025,(anonymous_114)
FN:1028,(anonymous_115)
FN:1042,(anonymous_116)
FN:1050,(anonymous_117)
FN:1065,(anonymous_118)
FN:1073,(anonymous_119)
FN:1079,(anonymous_120)
FN:1091,(anonymous_121)
FN:1097,(anonymous_122)
FN:1103,(anonymous_123)
FN:1110,(anonymous_124)
FN:1121,(anonymous_125)
FN:1122,(anonymous_126)
FN:1128,(anonymous_127)
FN:1154,(anonymous_128)
FN:1161,(anonymous_129)
FN:1195,(anonymous_130)
FN:1202,(anonymous_131)
FN:1209,(anonymous_132)
FN:1216,(anonymous_133)
FN:1238,(anonymous_134)
FN:1261,(anonymous_135)
FN:1264,(anonymous_136)
FN:1270,(anonymous_137)
FN:1278,(anonymous_138)
FN:1281,(anonymous_139)
FN:1295,(anonymous_140)
FN:1299,(anonymous_141)
FN:1309,(anonymous_142)
FN:1314,(anonymous_143)
FN:1319,(anonymous_144)
FN:1322,(anonymous_145)
FN:1330,(anonymous_146)
FN:1345,(anonymous_147)
FN:1355,(anonymous_148)
FN:1377,(anonymous_149)
FN:1400,(anonymous_150)
FN:1414,(anonymous_151)
FN:1429,(anonymous_152)
FN:1439,(anonymous_153)
FN:1441,(anonymous_154)
FN:1445,(anonymous_155)
FN:1449,(anonymous_156)
FN:1470,(anonymous_157)
FN:1473,(anonymous_158)
FN:1478,(anonymous_159)
FN:1483,(anonymous_160)
FN:1491,(anonymous_161)
FN:1522,(anonymous_162)
FN:1553,(anonymous_163)
FN:1586,(anonymous_164)
FN:1620,(anonymous_165)
FN:1626,(anonymous_166)
FN:1631,(anonymous_167)
FN:1636,(anonymous_168)
FN:1686,(anonymous_169)
FN:1745,(anonymous_170)
FN:1746,(anonymous_171)
FN:1757,(anonymous_172)
FN:1859,(anonymous_173)
FN:1866,(anonymous_174)
FN:1931,TollExemptsComponent
FN:1953,(anonymous_177)
FN:1956,(anonymous_178)
FN:1960,(anonymous_179)
FN:1971,(anonymous_180)
FN:1973,(anonymous_181)
FN:1978,(anonymous_182)
FN:1992,(anonymous_183)
FN:1996,(anonymous_184)
FN:1999,(anonymous_185)
FN:2007,(anonymous_186)
FN:2010,(anonymous_187)
FN:2013,(anonymous_188)
FN:2039,(anonymous_189)
FN:2048,(anonymous_190)
FN:2056,(anonymous_191)
FN:2058,(anonymous_192)
FN:2077,LogoutComponent
FN:2084,(anonymous_195)
FN:2087,(anonymous_196)
FN:2107,ShiftEndsAlertComponent
FN:2161,FleetTxnComponent
FN:2181,(anonymous_201)
FN:2186,(anonymous_202)
FN:2194,(anonymous_203)
FN:2204,(anonymous_204)
FN:2212,(anonymous_205)
FN:2220,(anonymous_206)
FN:2224,(anonymous_207)
FN:2228,(anonymous_208)
FN:2234,(anonymous_209)
FN:2235,(anonymous_210)
FN:2242,(anonymous_211)
FN:2250,(anonymous_212)
FN:2251,(anonymous_213)
FN:2261,(anonymous_214)
FN:2265,(anonymous_215)
FN:2267,(anonymous_216)
FN:2272,(anonymous_217)
FN:2321,TowedTxnComponent
FN:2342,(anonymous_220)
FN:2346,(anonymous_221)
FN:2351,(anonymous_222)
FN:2362,(anonymous_223)
FN:2369,(anonymous_224)
FN:2373,(anonymous_225)
FN:2380,(anonymous_226)
FN:2385,(anonymous_227)
FN:2387,(anonymous_228)
FN:2484,FreeTxnsComponent
FN:2506,(anonymous_231)
FN:2511,(anonymous_232)
FN:2531,(anonymous_233)
FN:2537,(anonymous_234)
FN:2539,(anonymous_235)
FN:2548,(anonymous_236)
FN:2570,(anonymous_237)
FN:2581,(anonymous_238)
FN:2601,(anonymous_239)
FN:2606,(anonymous_240)
FN:2630,(anonymous_241)
FN:2637,(anonymous_242)
FN:2663,BarcodeScannerComponent
FN:2670,(anonymous_245)
FN:2674,(anonymous_246)
FN:2692,(anonymous_247)
FN:2693,(anonymous_248)
FN:2702,(anonymous_249)
FN:2731,SCInfoComponent
FN:2737,(anonymous_252)
FN:2740,(anonymous_253)
FN:2767,(anonymous_254)
FN:2773,(anonymous_255)
FN:2782,(anonymous_256)
FNF:248
FNH:0
FNDA:0,TollScreenComponent
FNDA:0,(anonymous_2)
FNDA:0,(anonymous_3)
FNDA:0,(anonymous_4)
FNDA:0,(anonymous_5)
FNDA:0,(anonymous_6)
FNDA:0,(anonymous_7)
FNDA:0,(anonymous_8)
FNDA:0,(anonymous_9)
FNDA:0,(anonymous_10)
FNDA:0,(anonymous_11)
FNDA:0,(anonymous_12)
FNDA:0,(anonymous_13)
FNDA:0,(anonymous_14)
FNDA:0,(anonymous_15)
FNDA:0,(anonymous_16)
FNDA:0,(anonymous_17)
FNDA:0,(anonymous_18)
FNDA:0,(anonymous_19)
FNDA:0,(anonymous_20)
FNDA:0,(anonymous_21)
FNDA:0,(anonymous_22)
FNDA:0,(anonymous_23)
FNDA:0,(anonymous_24)
FNDA:0,(anonymous_25)
FNDA:0,(anonymous_26)
FNDA:0,(anonymous_27)
FNDA:0,(anonymous_28)
FNDA:0,(anonymous_29)
FNDA:0,(anonymous_30)
FNDA:0,(anonymous_31)
FNDA:0,(anonymous_32)
FNDA:0,(anonymous_33)
FNDA:0,(anonymous_34)
FNDA:0,(anonymous_35)
FNDA:0,(anonymous_36)
FNDA:0,(anonymous_37)
FNDA:0,(anonymous_38)
FNDA:0,(anonymous_39)
FNDA:0,(anonymous_40)
FNDA:0,(anonymous_41)
FNDA:0,(anonymous_42)
FNDA:0,(anonymous_43)
FNDA:0,(anonymous_44)
FNDA:0,(anonymous_45)
FNDA:0,(anonymous_46)
FNDA:0,(anonymous_47)
FNDA:0,(anonymous_48)
FNDA:0,(anonymous_49)
FNDA:0,(anonymous_50)
FNDA:0,(anonymous_51)
FNDA:0,(anonymous_52)
FNDA:0,(anonymous_53)
FNDA:0,(anonymous_54)
FNDA:0,(anonymous_55)
FNDA:0,(anonymous_56)
FNDA:0,(anonymous_57)
FNDA:0,(anonymous_58)
FNDA:0,(anonymous_59)
FNDA:0,(anonymous_60)
FNDA:0,(anonymous_61)
FNDA:0,(anonymous_62)
FNDA:0,(anonymous_63)
FNDA:0,(anonymous_64)
FNDA:0,(anonymous_65)
FNDA:0,(anonymous_66)
FNDA:0,(anonymous_67)
FNDA:0,(anonymous_68)
FNDA:0,(anonymous_69)
FNDA:0,(anonymous_70)
FNDA:0,(anonymous_71)
FNDA:0,(anonymous_72)
FNDA:0,(anonymous_73)
FNDA:0,(anonymous_74)
FNDA:0,(anonymous_75)
FNDA:0,(anonymous_76)
FNDA:0,(anonymous_77)
FNDA:0,(anonymous_78)
FNDA:0,(anonymous_79)
FNDA:0,(anonymous_80)
FNDA:0,(anonymous_81)
FNDA:0,(anonymous_82)
FNDA:0,(anonymous_83)
FNDA:0,(anonymous_84)
FNDA:0,(anonymous_85)
FNDA:0,(anonymous_86)
FNDA:0,(anonymous_87)
FNDA:0,(anonymous_88)
FNDA:0,(anonymous_89)
FNDA:0,(anonymous_90)
FNDA:0,(anonymous_91)
FNDA:0,(anonymous_92)
FNDA:0,(anonymous_93)
FNDA:0,(anonymous_94)
FNDA:0,(anonymous_95)
FNDA:0,(anonymous_96)
FNDA:0,(anonymous_97)
FNDA:0,(anonymous_98)
FNDA:0,(anonymous_99)
FNDA:0,(anonymous_100)
FNDA:0,(anonymous_101)
FNDA:0,(anonymous_102)
FNDA:0,(anonymous_103)
FNDA:0,(anonymous_104)
FNDA:0,(anonymous_105)
FNDA:0,(anonymous_106)
FNDA:0,(anonymous_107)
FNDA:0,(anonymous_108)
FNDA:0,(anonymous_109)
FNDA:0,(anonymous_110)
FNDA:0,(anonymous_111)
FNDA:0,(anonymous_112)
FNDA:0,(anonymous_113)
FNDA:0,(anonymous_114)
FNDA:0,(anonymous_115)
FNDA:0,(anonymous_116)
FNDA:0,(anonymous_117)
FNDA:0,(anonymous_118)
FNDA:0,(anonymous_119)
FNDA:0,(anonymous_120)
FNDA:0,(anonymous_121)
FNDA:0,(anonymous_122)
FNDA:0,(anonymous_123)
FNDA:0,(anonymous_124)
FNDA:0,(anonymous_125)
FNDA:0,(anonymous_126)
FNDA:0,(anonymous_127)
FNDA:0,(anonymous_128)
FNDA:0,(anonymous_129)
FNDA:0,(anonymous_130)
FNDA:0,(anonymous_131)
FNDA:0,(anonymous_132)
FNDA:0,(anonymous_133)
FNDA:0,(anonymous_134)
FNDA:0,(anonymous_135)
FNDA:0,(anonymous_136)
FNDA:0,(anonymous_137)
FNDA:0,(anonymous_138)
FNDA:0,(anonymous_139)
FNDA:0,(anonymous_140)
FNDA:0,(anonymous_141)
FNDA:0,(anonymous_142)
FNDA:0,(anonymous_143)
FNDA:0,(anonymous_144)
FNDA:0,(anonymous_145)
FNDA:0,(anonymous_146)
FNDA:0,(anonymous_147)
FNDA:0,(anonymous_148)
FNDA:0,(anonymous_149)
FNDA:0,(anonymous_150)
FNDA:0,(anonymous_151)
FNDA:0,(anonymous_152)
FNDA:0,(anonymous_153)
FNDA:0,(anonymous_154)
FNDA:0,(anonymous_155)
FNDA:0,(anonymous_156)
FNDA:0,(anonymous_157)
FNDA:0,(anonymous_158)
FNDA:0,(anonymous_159)
FNDA:0,(anonymous_160)
FNDA:0,(anonymous_161)
FNDA:0,(anonymous_162)
FNDA:0,(anonymous_163)
FNDA:0,(anonymous_164)
FNDA:0,(anonymous_165)
FNDA:0,(anonymous_166)
FNDA:0,(anonymous_167)
FNDA:0,(anonymous_168)
FNDA:0,(anonymous_169)
FNDA:0,(anonymous_170)
FNDA:0,(anonymous_171)
FNDA:0,(anonymous_172)
FNDA:0,(anonymous_173)
FNDA:0,(anonymous_174)
FNDA:0,TollExemptsComponent
FNDA:0,(anonymous_177)
FNDA:0,(anonymous_178)
FNDA:0,(anonymous_179)
FNDA:0,(anonymous_180)
FNDA:0,(anonymous_181)
FNDA:0,(anonymous_182)
FNDA:0,(anonymous_183)
FNDA:0,(anonymous_184)
FNDA:0,(anonymous_185)
FNDA:0,(anonymous_186)
FNDA:0,(anonymous_187)
FNDA:0,(anonymous_188)
FNDA:0,(anonymous_189)
FNDA:0,(anonymous_190)
FNDA:0,(anonymous_191)
FNDA:0,(anonymous_192)
FNDA:0,LogoutComponent
FNDA:0,(anonymous_195)
FNDA:0,(anonymous_196)
FNDA:0,ShiftEndsAlertComponent
FNDA:0,FleetTxnComponent
FNDA:0,(anonymous_201)
FNDA:0,(anonymous_202)
FNDA:0,(anonymous_203)
FNDA:0,(anonymous_204)
FNDA:0,(anonymous_205)
FNDA:0,(anonymous_206)
FNDA:0,(anonymous_207)
FNDA:0,(anonymous_208)
FNDA:0,(anonymous_209)
FNDA:0,(anonymous_210)
FNDA:0,(anonymous_211)
FNDA:0,(anonymous_212)
FNDA:0,(anonymous_213)
FNDA:0,(anonymous_214)
FNDA:0,(anonymous_215)
FNDA:0,(anonymous_216)
FNDA:0,(anonymous_217)
FNDA:0,TowedTxnComponent
FNDA:0,(anonymous_220)
FNDA:0,(anonymous_221)
FNDA:0,(anonymous_222)
FNDA:0,(anonymous_223)
FNDA:0,(anonymous_224)
FNDA:0,(anonymous_225)
FNDA:0,(anonymous_226)
FNDA:0,(anonymous_227)
FNDA:0,(anonymous_228)
FNDA:0,FreeTxnsComponent
FNDA:0,(anonymous_231)
FNDA:0,(anonymous_232)
FNDA:0,(anonymous_233)
FNDA:0,(anonymous_234)
FNDA:0,(anonymous_235)
FNDA:0,(anonymous_236)
FNDA:0,(anonymous_237)
FNDA:0,(anonymous_238)
FNDA:0,(anonymous_239)
FNDA:0,(anonymous_240)
FNDA:0,(anonymous_241)
FNDA:0,(anonymous_242)
FNDA:0,BarcodeScannerComponent
FNDA:0,(anonymous_245)
FNDA:0,(anonymous_246)
FNDA:0,(anonymous_247)
FNDA:0,(anonymous_248)
FNDA:0,(anonymous_249)
FNDA:0,SCInfoComponent
FNDA:0,(anonymous_252)
FNDA:0,(anonymous_253)
FNDA:0,(anonymous_254)
FNDA:0,(anonymous_255)
FNDA:0,(anonymous_256)
DA:32,1
DA:34,0
DA:35,0
DA:36,0
DA:37,0
DA:39,0
DA:40,0
DA:41,0
DA:42,0
DA:43,0
DA:44,0
DA:46,0
DA:49,0
DA:52,0
DA:55,0
DA:60,0
DA:72,0
DA:73,0
DA:75,0
DA:76,0
DA:77,0
DA:78,0
DA:79,0
DA:82,0
DA:83,0
DA:86,0
DA:87,0
DA:89,0
DA:90,0
DA:92,0
DA:93,0
DA:94,0
DA:96,0
DA:102,0
DA:103,0
DA:104,0
DA:106,0
DA:107,0
DA:108,0
DA:109,0
DA:110,0
DA:111,0
DA:112,0
DA:113,0
DA:114,0
DA:115,0
DA:116,0
DA:117,0
DA:118,0
DA:119,0
DA:120,0
DA:121,0
DA:122,0
DA:123,0
DA:124,0
DA:125,0
DA:127,0
DA:128,0
DA:129,0
DA:130,0
DA:131,0
DA:133,0
DA:134,0
DA:135,0
DA:136,0
DA:137,0
DA:138,0
DA:139,0
DA:140,0
DA:141,0
DA:142,0
DA:143,0
DA:145,0
DA:146,0
DA:148,0
DA:153,0
DA:154,0
DA:156,0
DA:157,0
DA:158,0
DA:159,0
DA:160,0
DA:162,0
DA:163,0
DA:164,0
DA:165,0
DA:166,0
DA:167,0
DA:168,0
DA:169,0
DA:170,0
DA:171,0
DA:172,0
DA:173,0
DA:176,0
DA:178,0
DA:179,1
DA:180,1
DA:181,1
DA:182,1
DA:183,1
DA:184,1
DA:185,1
DA:187,0
DA:196,0
DA:197,0
DA:198,0
DA:199,0
DA:200,0
DA:201,1
DA:202,0
DA:203,0
DA:204,0
DA:205,0
DA:206,0
DA:207,0
DA:208,0
DA:209,0
DA:212,0
DA:214,0
DA:217,0
DA:218,0
DA:219,0
DA:220,0
DA:221,0
DA:223,0
DA:224,0
DA:225,0
DA:226,0
DA:228,0
DA:229,0
DA:232,0
DA:234,0
DA:237,0
DA:240,0
DA:241,0
DA:243,1
DA:244,0
DA:246,0
DA:248,0
DA:249,0
DA:256,1
DA:257,0
DA:259,0
DA:260,0
DA:261,0
DA:265,1
DA:266,0
DA:269,0
DA:270,0
DA:271,0
DA:275,1
DA:276,0
DA:279,0
DA:280,0
DA:282,0
DA:288,1
DA:289,0
DA:291,0
DA:292,0
DA:293,0
DA:295,0
DA:296,0
DA:298,0
DA:299,0
DA:301,0
DA:302,0
DA:304,0
DA:305,0
DA:307,0
DA:311,1
DA:312,0
DA:314,0
DA:315,0
DA:316,0
DA:317,0
DA:320,0
DA:322,0
DA:323,0
DA:328,1
DA:329,0
DA:339,0
DA:340,0
DA:342,0
DA:343,0
DA:345,0
DA:346,0
DA:349,0
DA:350,0
DA:351,0
DA:352,0
DA:353,0
DA:354,0
DA:355,0
DA:356,0
DA:357,0
DA:358,0
DA:359,0
DA:360,0
DA:362,0
DA:363,0
DA:367,1
DA:369,0
DA:371,0
DA:373,0
DA:374,0
DA:375,0
DA:378,1
DA:379,0
DA:381,0
DA:385,1
DA:386,0
DA:388,0
DA:389,0
DA:391,0
DA:392,0
DA:393,0
DA:398,1
DA:399,0
DA:400,0
DA:402,0
DA:405,0
DA:406,0
DA:408,1
DA:409,0
DA:410,0
DA:412,1
DA:413,0
DA:414,0
DA:416,0
DA:417,0
DA:418,0
DA:419,0
DA:421,0
DA:423,0
DA:424,0
DA:425,0
DA:427,0
DA:428,0
DA:429,0
DA:431,1
DA:432,0
DA:433,0
DA:446,0
DA:447,0
DA:449,0
DA:450,0
DA:451,0
DA:452,0
DA:453,0
DA:454,0
DA:455,0
DA:457,0
DA:460,0
DA:464,0
DA:467,0
DA:470,1
DA:471,1
DA:472,0
DA:474,0
DA:475,0
DA:476,0
DA:477,0
DA:478,0
DA:481,1
DA:482,0
DA:485,0
DA:486,0
DA:487,0
DA:489,0
DA:491,0
DA:494,0
DA:498,1
DA:499,0
DA:501,0
DA:502,0
DA:504,0
DA:507,0
DA:511,1
DA:512,0
DA:514,0
DA:515,0
DA:517,0
DA:520,0
DA:524,1
DA:525,0
DA:537,0
DA:540,0
DA:541,0
DA:544,0
DA:545,0
DA:546,0
DA:547,0
DA:548,0
DA:550,0
DA:551,0
DA:552,0
DA:553,0
DA:554,0
DA:555,0
DA:556,0
DA:558,0
DA:559,0
DA:562,0
DA:563,0
DA:564,0
DA:567,0
DA:568,0
DA:569,0
DA:572,0
DA:573,0
DA:574,0
DA:577,0
DA:578,0
DA:579,0
DA:580,0
DA:583,1
DA:585,0
DA:587,0
DA:588,0
DA:591,1
DA:592,0
DA:594,0
DA:596,0
DA:600,1
DA:601,0
DA:603,0
DA:605,0
DA:606,0
DA:608,0
DA:609,0
DA:613,1
DA:614,0
DA:616,0
DA:618,0
DA:619,0
DA:622,0
DA:624,0
DA:626,0
DA:627,0
DA:629,0
DA:630,0
DA:634,0
DA:635,0
DA:640,1
DA:641,0
DA:642,0
DA:644,1
DA:646,0
DA:647,0
DA:649,0
DA:651,0
DA:653,1
DA:654,0
DA:655,0
DA:656,0
DA:658,0
DA:660,0
DA:662,1
DA:663,0
DA:664,0
DA:666,0
DA:668,0
DA:670,1
DA:671,0
DA:672,0
DA:674,1
DA:675,0
DA:676,0
DA:677,0
DA:679,0
DA:680,0
DA:682,0
DA:683,0
DA:686,0
DA:687,0
DA:689,0
DA:694,1
DA:695,0
DA:696,0
DA:698,0
DA:699,0
DA:701,0
DA:702,0
DA:705,0
DA:706,0
DA:707,0
DA:708,0
DA:710,0
DA:712,0
DA:714,0
DA:715,0
DA:716,0
DA:717,0
DA:718,0
DA:719,0
DA:721,0
DA:722,0
DA:724,1
DA:725,0
DA:728,0
DA:729,0
DA:730,0
DA:733,0
DA:735,0
DA:736,0
DA:737,0
DA:738,0
DA:743,1
DA:745,0
DA:747,0
DA:750,1
DA:751,0
DA:754,0
DA:755,0
DA:757,0
DA:758,0
DA:759,0
DA:760,0
DA:761,0
DA:762,0
DA:763,0
DA:764,0
DA:765,0
DA:766,0
DA:768,0
DA:769,0
DA:770,0
DA:772,0
DA:774,0
DA:779,0
DA:781,0
DA:784,0
DA:785,0
DA:786,0
DA:787,0
DA:792,1
DA:794,0
DA:796,0
DA:799,1
DA:800,0
DA:801,0
DA:802,0
DA:803,0
DA:805,0
DA:806,0
DA:808,0
DA:809,0
DA:812,0
DA:813,0
DA:814,0
DA:816,1
DA:817,0
DA:819,1
DA:821,0
DA:826,0
DA:829,1
DA:830,0
DA:832,0
DA:836,0
DA:838,0
DA:840,0
DA:843,0
DA:845,0
DA:849,0
DA:851,0
DA:855,0
DA:871,0
DA:874,0
DA:875,0
DA:876,0
DA:878,0
DA:879,0
DA:880,0
DA:881,0
DA:882,0
DA:883,0
DA:886,0
DA:887,0
DA:889,0
DA:890,0
DA:893,0
DA:896,1
DA:897,0
DA:898,0
DA:899,0
DA:900,0
DA:902,0
DA:905,0
DA:907,0
DA:908,0
DA:909,0
DA:910,0
DA:912,0
DA:915,0
DA:918,0
DA:920,0
DA:922,1
DA:923,0
DA:925,1
DA:926,0
DA:927,0
DA:929,1
DA:931,0
DA:933,0
DA:935,0
DA:936,0
DA:939,0
DA:951,0
DA:953,0
DA:954,0
DA:955,0
DA:956,0
DA:957,0
DA:959,0
DA:961,0
DA:962,0
DA:964,0
DA:966,0
DA:967,0
DA:968,0
DA:969,0
DA:970,0
DA:971,0
DA:972,0
DA:976,0
DA:977,0
DA:979,0
DA:980,0
DA:983,0
DA:986,1
DA:988,0
DA:990,0
DA:993,0
DA:1001,0
DA:1003,0
DA:1004,0
DA:1005,0
DA:1006,0
DA:1010,0
DA:1011,0
DA:1014,0
DA:1017,1
DA:1018,0
DA:1020,0
DA:1021,0
DA:1025,1
DA:1026,0
DA:1028,1
DA:1029,0
DA:1030,0
DA:1032,0
DA:1034,0
DA:1035,0
DA:1036,0
DA:1037,0
DA:1038,0
DA:1040,0
DA:1041,0
DA:1044,0
DA:1048,0
DA:1049,0
DA:1052,0
DA:1057,0
DA:1058,0
DA:1059,0
DA:1060,0
DA:1061,0
DA:1062,0
DA:1065,1
DA:1073,0
DA:1075,0
DA:1079,1
DA:1080,0
DA:1081,0
DA:1083,0
DA:1084,0
DA:1085,0
DA:1086,0
DA:1087,0
DA:1091,0
DA:1093,0
DA:1097,0
DA:1099,0
DA:1103,0
DA:1105,0
DA:1110,0
DA:1112,0
DA:1121,1
DA:1122,0
DA:1124,0
DA:1128,1
DA:1130,0
DA:1134,0
DA:1136,0
DA:1140,0
DA:1142,0
DA:1145,0
DA:1146,0
DA:1149,0
DA:1150,0
DA:1154,0
DA:1155,0
DA:1157,0
DA:1161,0
DA:1163,0
DA:1166,0
DA:1178,0
DA:1181,0
DA:1183,0
DA:1185,0
DA:1187,0
DA:1189,0
DA:1190,0
DA:1195,0
DA:1197,0
DA:1202,0
DA:1205,0
DA:1209,0
DA:1212,0
DA:1216,0
DA:1219,0
DA:1236,0
DA:1237,0
DA:1241,0
DA:1242,0
DA:1245,0
DA:1246,0
DA:1248,0
DA:1249,0
DA:1250,0
DA:1252,0
DA:1254,0
DA:1256,0
DA:1257,0
DA:1258,0
DA:1259,0
DA:1261,0
DA:1262,0
DA:1264,0
DA:1265,0
DA:1267,0
DA:1269,0
DA:1270,0
DA:1271,0
DA:1273,0
DA:1274,0
DA:1275,0
DA:1276,0
DA:1279,0
DA:1281,0
DA:1282,0
DA:1285,0
DA:1286,0
DA:1287,0
DA:1289,0
DA:1295,0
DA:1296,0
DA:1298,0
DA:1299,0
DA:1300,0
DA:1302,0
DA:1303,0
DA:1304,0
DA:1305,0
DA:1306,0
DA:1307,0
DA:1308,0
DA:1309,0
DA:1310,0
DA:1313,0
DA:1314,0
DA:1315,0
DA:1318,0
DA:1320,0
DA:1322,0
DA:1323,0
DA:1325,0
DA:1330,1
DA:1332,0
DA:1334,0
DA:1338,0
DA:1339,0
DA:1340,0
DA:1341,0
DA:1345,1
DA:1347,0
DA:1355,0
DA:1357,0
DA:1358,0
DA:1359,0
DA:1360,0
DA:1361,0
DA:1362,0
DA:1363,0
DA:1364,0
DA:1365,0
DA:1367,0
DA:1368,0
DA:1374,0
DA:1375,0
DA:1377,1
DA:1380,0
DA:1382,0
DA:1386,0
DA:1388,0
DA:1392,0
DA:1400,0
DA:1403,0
DA:1404,0
DA:1405,0
DA:1407,0
DA:1408,0
DA:1409,0
DA:1410,0
DA:1411,0
DA:1412,0
DA:1414,0
DA:1415,0
DA:1417,0
DA:1420,0
DA:1422,0
DA:1423,0
DA:1426,0
DA:1429,1
DA:1431,0
DA:1436,0
DA:1439,1
DA:1440,0
DA:1441,0
DA:1442,0
DA:1444,0
DA:1445,0
DA:1446,0
DA:1448,0
DA:1449,0
DA:1450,0
DA:1452,0
DA:1453,0
DA:1454,0
DA:1455,0
DA:1456,0
DA:1457,0
DA:1458,0
DA:1459,0
DA:1460,0
DA:1461,0
DA:1462,0
DA:1463,0
DA:1464,0
DA:1465,0
DA:1466,0
DA:1467,0
DA:1468,0
DA:1470,1
DA:1471,0
DA:1473,1
DA:1475,0
DA:1476,0
DA:1478,1
DA:1479,0
DA:1480,0
DA:1482,0
DA:1483,0
DA:1485,0
DA:1488,0
DA:1491,1
DA:1494,0
DA:1496,0
DA:1500,0
DA:1502,0
DA:1508,0
DA:1522,0
DA:1524,0
DA:1525,0
DA:1529,0
DA:1530,0
DA:1531,0
DA:1533,0
DA:1534,0
DA:1535,0
DA:1536,0
DA:1537,0
DA:1538,0
DA:1540,0
DA:1541,0
DA:1542,0
DA:1546,0
DA:1547,0
DA:1550,0
DA:1553,1
DA:1556,0
DA:1558,0
DA:1562,0
DA:1564,0
DA:1570,0
DA:1586,0
DA:1588,0
DA:1589,0
DA:1590,0
DA:1594,0
DA:1595,0
DA:1596,0
DA:1598,0
DA:1599,0
DA:1600,0
DA:1601,0
DA:1602,0
DA:1603,0
DA:1605,0
DA:1606,0
DA:1607,0
DA:1611,0
DA:1612,0
DA:1613,0
DA:1616,0
DA:1619,0
DA:1620,2
DA:1623,0
DA:1624,0
DA:1625,0
DA:1626,0
DA:1628,0
DA:1631,0
DA:1633,0
DA:1636,0
DA:1638,0
DA:1643,0
DA:1644,0
DA:1647,0
DA:1652,0
DA:1656,0
DA:1658,0
DA:1660,0
DA:1663,0
DA:1666,0
DA:1670,0
DA:1672,0
DA:1676,0
DA:1679,0
DA:1682,0
DA:1685,0
DA:1686,0
DA:1687,0
DA:1691,0
DA:1693,0
DA:1695,0
DA:1697,0
DA:1699,0
DA:1701,0
DA:1703,0
DA:1705,0
DA:1707,0
DA:1709,0
DA:1711,0
DA:1713,0
DA:1715,0
DA:1717,0
DA:1720,0
DA:1721,0
DA:1722,0
DA:1723,0
DA:1726,0
DA:1728,0
DA:1730,0
DA:1732,0
DA:1733,0
DA:1735,0
DA:1736,0
DA:1738,0
DA:1741,0
DA:1742,0
DA:1745,1
DA:1746,0
DA:1748,0
DA:1749,0
DA:1750,0
DA:1751,0
DA:1753,0
DA:1757,2
DA:1761,0
DA:1767,0
DA:1768,0
DA:1769,0
DA:1771,0
DA:1772,0
DA:1776,0
DA:1778,0
DA:1779,0
DA:1780,0
DA:1781,0
DA:1782,0
DA:1783,0
DA:1785,0
DA:1787,0
DA:1788,0
DA:1791,0
DA:1793,0
DA:1795,0
DA:1796,0
DA:1800,0
DA:1805,0
DA:1811,0
DA:1813,0
DA:1818,0
DA:1819,0
DA:1820,0
DA:1822,0
DA:1824,0
DA:1826,0
DA:1829,0
DA:1831,0
DA:1837,0
DA:1841,0
DA:1843,0
DA:1846,0
DA:1847,0
DA:1851,0
DA:1852,0
DA:1855,0
DA:1856,0
DA:1859,1
DA:1860,0
DA:1861,0
DA:1862,0
DA:1863,0
DA:1864,0
DA:1866,1
DA:1868,0
DA:1870,0
DA:1872,0
DA:1875,1
DA:1897,1
DA:1899,0
DA:1908,0
DA:1909,0
DA:1910,0
DA:1911,0
DA:1912,0
DA:1913,0
DA:1916,0
DA:1920,0
DA:1923,0
DA:1926,0
DA:1928,0
DA:1930,0
DA:1931,0
DA:1932,0
DA:1933,0
DA:1934,0
DA:1935,0
DA:1936,0
DA:1939,0
DA:1940,0
DA:1941,0
DA:1943,0
DA:1953,1
DA:1954,0
DA:1956,1
DA:1957,0
DA:1960,1
DA:1961,0
DA:1962,0
DA:1963,0
DA:1965,0
DA:1967,0
DA:1968,0
DA:1971,1
DA:1972,0
DA:1974,0
DA:1976,0
DA:1977,0
DA:1982,0
DA:1985,0
DA:1987,0
DA:1992,1
DA:1993,0
DA:1994,0
DA:1996,1
DA:1997,0
DA:1999,1
DA:2000,0
DA:2002,0
DA:2004,0
DA:2007,1
DA:2008,0
DA:2011,0
DA:2013,1
DA:2014,0
DA:2016,0
DA:2017,0
DA:2020,0
DA:2022,0
DA:2023,0
DA:2024,0
DA:2026,0
DA:2029,0
DA:2031,0
DA:2032,0
DA:2033,0
DA:2035,0
DA:2038,0
DA:2041,0
DA:2043,0
DA:2044,0
DA:2045,0
DA:2047,0
DA:2048,0
DA:2049,0
DA:2051,0
DA:2054,0
DA:2057,0
DA:2058,0
DA:2059,0
DA:2061,0
DA:2065,1
DA:2076,1
DA:2078,0
DA:2079,0
DA:2080,0
DA:2081,0
DA:2082,0
DA:2083,0
DA:2084,1
DA:2086,0
DA:2088,0
DA:2090,0
DA:2091,0
DA:2092,0
DA:2096,1
DA:2106,1
DA:2108,0
DA:2109,0
DA:2110,1
DA:2144,1
DA:2146,0
DA:2148,0
DA:2149,0
DA:2150,0
DA:2151,0
DA:2153,0
DA:2154,0
DA:2155,0
DA:2156,0
DA:2158,0
DA:2159,0
DA:2160,1
DA:2162,0
DA:2163,0
DA:2164,0
DA:2165,0
DA:2166,0
DA:2167,0
DA:2168,0
DA:2170,0
DA:2172,0
DA:2181,1
DA:2182,0
DA:2183,0
DA:2184,0
DA:2186,1
DA:2187,0
DA:2191,0
DA:2192,0
DA:2194,1
DA:2196,0
DA:2198,0
DA:2204,0
DA:2206,0
DA:2207,0
DA:2208,0
DA:2209,0
DA:2210,0
DA:2211,0
DA:2212,0
DA:2215,0
DA:2216,0
DA:2217,0
DA:2220,0
DA:2221,0
DA:2225,0
DA:2226,0
DA:2228,0
DA:2229,0
DA:2234,1
DA:2235,0
DA:2237,0
DA:2242,1
DA:2248,0
DA:2250,1
DA:2251,0
DA:2253,0
DA:2254,0
DA:2255,0
DA:2256,0
DA:2258,0
DA:2259,0
DA:2261,0
DA:2262,0
DA:2267,0
DA:2268,0
DA:2272,1
DA:2273,0
DA:2275,0
DA:2282,0
DA:2284,1
DA:2310,1
DA:2313,0
DA:2314,0
DA:2315,0
DA:2317,0
DA:2318,0
DA:2319,0
DA:2320,0
DA:2322,0
DA:2323,0
DA:2324,0
DA:2325,0
DA:2326,0
DA:2327,0
DA:2329,0
DA:2331,0
DA:2342,1
DA:2343,0
DA:2344,0
DA:2346,1
DA:2347,0
DA:2351,1
DA:2354,0
DA:2356,0
DA:2358,0
DA:2359,0
DA:2362,1
DA:2363,0
DA:2364,0
DA:2366,0
DA:2368,0
DA:2371,0
DA:2372,0
DA:2373,0
DA:2374,0
DA:2377,0
DA:2378,0
DA:2380,0
DA:2381,0
DA:2384,0
DA:2387,0
DA:2388,0
DA:2392,1
DA:2468,1
DA:2470,0
DA:2471,0
DA:2473,0
DA:2474,0
DA:2475,0
DA:2477,0
DA:2478,0
DA:2479,0
DA:2480,0
DA:2482,0
DA:2484,0
DA:2485,0
DA:2486,0
DA:2487,0
DA:2488,0
DA:2489,0
DA:2490,0
DA:2493,0
DA:2495,0
DA:2505,0
DA:2506,1
DA:2507,0
DA:2508,0
DA:2509,0
DA:2510,0
DA:2516,0
DA:2519,0
DA:2521,0
DA:2523,0
DA:2526,0
DA:2531,1
DA:2533,0
DA:2534,0
DA:2537,1
DA:2538,0
DA:2541,0
DA:2542,0
DA:2543,0
DA:2548,1
DA:2552,0
DA:2553,0
DA:2554,0
DA:2556,0
DA:2557,0
DA:2558,0
DA:2561,0
DA:2562,0
DA:2563,0
DA:2566,0
DA:2568,0
DA:2570,0
DA:2572,0
DA:2574,0
DA:2581,1
DA:2582,0
DA:2587,0
DA:2589,0
DA:2592,0
DA:2594,0
DA:2596,0
DA:2598,0
DA:2601,1
DA:2602,0
DA:2604,0
DA:2606,0
DA:2608,0
DA:2619,0
DA:2621,0
DA:2624,0
DA:2626,0
DA:2629,0
DA:2630,0
DA:2632,0
DA:2633,0
DA:2635,0
DA:2638,0
DA:2640,0
DA:2643,1
DA:2657,1
DA:2659,0
DA:2660,0
DA:2661,0
DA:2663,0
DA:2664,0
DA:2665,0
DA:2666,0
DA:2669,0
DA:2670,1
DA:2673,0
DA:2674,0
DA:2677,0
DA:2680,0
DA:2683,0
DA:2685,0
DA:2692,1
DA:2693,0
DA:2694,0
DA:2696,0
DA:2698,0
DA:2700,0
DA:2702,1
DA:2706,0
DA:2707,0
DA:2709,1
DA:2724,1
DA:2725,0
DA:2726,0
DA:2727,0
DA:2728,0
DA:2731,0
DA:2732,0
DA:2733,0
DA:2734,0
DA:2735,0
DA:2736,0
DA:2737,1
DA:2739,0
DA:2740,0
DA:2746,0
DA:2749,0
DA:2751,0
DA:2757,0
DA:2759,0
DA:2762,0
DA:2764,0
DA:2767,1
DA:2768,0
DA:2773,0
DA:2774,0
DA:2776,0
DA:2778,0
DA:2780,0
DA:2782,1
DA:2786,0
DA:2787,0
DA:2789,1
LF:1286
LH:126
BRDA:249,0,0,0
BRDA:249,0,1,0
BRDA:341,1,0,0
BRDA:341,1,1,0
BRDA:423,2,0,0
BRDA:423,2,1,0
BRDA:424,3,0,0
BRDA:424,3,1,0
BRDA:425,4,0,0
BRDA:425,4,1,0
BRDA:459,5,0,0
BRDA:459,5,1,0
BRDA:470,6,0,0
BRDA:470,6,1,0
BRDA:584,7,0,0
BRDA:584,7,1,0
BRDA:646,8,0,0
BRDA:646,8,1,0
BRDA:647,9,0,0
BRDA:647,9,1,0
BRDA:648,10,0,0
BRDA:648,10,1,0
BRDA:648,10,2,0
BRDA:648,10,3,0
BRDA:648,10,4,0
BRDA:655,11,0,0
BRDA:655,11,1,0
BRDA:656,12,0,0
BRDA:656,12,1,0
BRDA:657,13,0,0
BRDA:657,13,1,0
BRDA:657,13,2,0
BRDA:657,13,3,0
BRDA:657,13,4,0
BRDA:657,13,5,0
BRDA:657,13,6,0
BRDA:663,14,0,0
BRDA:663,14,1,0
BRDA:664,15,0,0
BRDA:664,15,1,0
BRDA:665,16,0,0
BRDA:665,16,1,0
BRDA:665,16,2,0
BRDA:688,17,0,0
BRDA:688,17,1,0
BRDA:688,17,2,0
BRDA:732,18,0,0
BRDA:732,18,1,0
BRDA:771,19,0,0
BRDA:771,19,1,0
BRDA:1156,20,0,0
BRDA:1156,20,1,0
BRDA:1188,21,0,0
BRDA:1188,21,1,0
BRDA:1204,22,0,0
BRDA:1204,22,1,0
BRDA:1204,22,2,0
BRDA:1211,23,0,0
BRDA:1211,23,1,0
BRDA:1211,23,2,0
BRDA:1218,24,0,0
BRDA:1218,24,1,0
BRDA:1218,24,2,0
BRDA:1476,25,0,0
BRDA:1476,25,1,0
BRDA:1476,25,2,0
BRDA:1476,25,3,0
BRDA:1476,25,4,0
BRDA:1476,25,5,0
BRDA:1476,25,6,0
BRDA:1476,25,7,0
BRDA:1774,26,0,0
BRDA:1774,26,1,0
BRDA:1810,27,0,0
BRDA:1810,27,1,0
BRDA:1810,27,2,0
BRDA:1823,28,0,0
BRDA:1823,28,1,0
BRDA:1823,28,2,0
BRDA:1836,29,0,0
BRDA:1836,29,1,0
BRDA:1867,30,0,0
BRDA:1867,30,1,0
BRDA:1974,31,0,0
BRDA:1974,31,1,0
BRDA:1984,32,0,0
BRDA:1984,32,1,0
BRDA:2518,33,0,0
BRDA:2518,33,1,0
BRDA:2520,34,0,0
BRDA:2520,34,1,0
BRDA:2534,35,0,0
BRDA:2534,35,1,0
BRDA:2534,35,2,0
BRDA:2534,35,3,0
BRDA:2534,35,4,0
BRDA:2534,35,5,0
BRDA:2534,35,6,0
BRDA:2534,35,7,0
BRDA:2549,36,0,0
BRDA:2549,36,1,0
BRDA:2565,37,0,0
BRDA:2565,37,1,0
BRDA:2571,38,0,0
BRDA:2571,38,1,0
BRDA:2591,39,0,0
BRDA:2591,39,1,0
BRDA:2682,40,0,0
BRDA:2682,40,1,0
BRDA:2748,41,0,0
BRDA:2748,41,1,0
BRF:111
BRH:0
end_of_record
TN:
SF:/home/bhavani/Desktop/fe_lane_application/src/app/video-settings/video-settings.component.ts
FN:10,VideoSettingsComponent
FN:12,(anonymous_2)
FNF:2
FNH:0
FNDA:0,VideoSettingsComponent
FNDA:0,(anonymous_2)
DA:8,1
DA:12,1
DA:15,1
LF:3
LH:3
BRF:0
BRH:0
end_of_record
TN:
SF:/home/bhavani/Desktop/fe_lane_application/src/app/video-settings/update-settings/update-settings.component.ts
FN:10,UpdateSettingsComponent
FN:12,(anonymous_2)
FNF:2
FNH:0
FNDA:0,UpdateSettingsComponent
FNDA:0,(anonymous_2)
DA:8,1
DA:12,1
DA:15,1
LF:3
LH:3
BRF:0
BRH:0
end_of_record
TN:
SF:/home/bhavani/Desktop/fe_lane_application/src/app/video-settings/view-settings/view-settings.component.ts
FN:10,ViewSettingsComponent
FN:12,(anonymous_2)
FNF:2
FNH:0
FNDA:0,ViewSettingsComponent
FNDA:0,(anonymous_2)
DA:8,1
DA:12,1
DA:15,1
LF:3
LH:3
BRF:0
BRH:0
end_of_record
